/opt/slurm/data/slurmd/job25972864/slurm_script: line 9: cd: /scratch/work/courses/CHEM-GA-2671-2022fa/yw5806/comp-lab-class/Inputs/ParallelTemp: No such file or directory
                      :-) GROMACS - gmx grompp, 2018.3 (-:

                            GROMACS is written by:
     Emile Apol      Rossen Apostolov      Paul Bauer     Herman J.C. Berendsen
    Par Bjelkmar    Aldert van Buuren   Rudi van Drunen     Anton Feenstra  
  Gerrit Groenhof    Aleksei Iupinov   Christoph Junghans   Anca Hamuraru   
 Vincent Hindriksen Dimitrios Karkoulis    Peter Kasson        Jiri Kraus    
  Carsten Kutzner      Per Larsson      Justin A. Lemkul    Viveca Lindahl  
  Magnus Lundborg   Pieter Meulenhoff    Erik Marklund      Teemu Murtola   
    Szilard Pall       Sander Pronk      Roland Schulz     Alexey Shvetsov  
   Michael Shirts     Alfons Sijbers     Peter Tieleman    Teemu Virolainen 
 Christian Wennberg    Maarten Wolf   
                           and the project leaders:
        Mark Abraham, Berk Hess, Erik Lindahl, and David van der Spoel

Copyright (c) 1991-2000, University of Groningen, The Netherlands.
Copyright (c) 2001-2017, The GROMACS development team at
Uppsala University, Stockholm University and
the Royal Institute of Technology, Sweden.
check out http://www.gromacs.org for more information.

GROMACS is free software; you can redistribute it and/or modify it
under the terms of the GNU Lesser General Public License
as published by the Free Software Foundation; either version 2.1
of the License, or (at your option) any later version.

GROMACS:      gmx grompp, version 2018.3
Executable:   /share/apps/gromacs/2018.3/openmpi/intel/bin/gmx_mpi
Data prefix:  /share/apps/gromacs/2018.3/openmpi/intel
Working dir:  /scratch/work/courses/CHEM-GA-2671-2022fa/yw5806/comp-lab-class/Week5/Inputs/ParallelTemp
Command line:
  gmx_mpi grompp -f T300/adp_T300.mdp -c ../adp.gro -p ../adp.top -o T300/adp.tpr

Replacing old mdp entry 'nstxtcout' by 'nstxout-compressed'
Replacing old mdp entry 'xtc-grps' by 'compressed-x-grps'
Replacing old mdp entry 'xtc-precision' by 'compressed-x-precision'

NOTE 1 [file T300/adp_T300.mdp]:
  The group cutoff scheme is deprecated since GROMACS 5.0 and will be
  removed in a future release when all interaction forms are supported for
  the verlet scheme. The verlet scheme already scales better, and it is
  compatible with GPUs and other accelerators.

Setting the LD random seed to -1292766729
Generated 2211 of the 2211 non-bonded parameter combinations
Generating 1-4 interactions: fudge = 0.5
Generated 2211 of the 2211 1-4 parameter combinations
Excluding 3 bonded neighbours molecule type 'Protein_chain_X'
Velocities were taken from a Maxwell distribution at 300 K
Number of degrees of freedom in T-Coupling group System is 39.00

There was 1 note

Back Off! I just backed up T300/adp.tpr to T300/#adp.tpr.1#

GROMACS reminds you: "Fresh Air, Green Hair" (Frank Black)

turning all bonds into constraints...
Analysing residue names:
There are:     3    Protein residues
Analysing Protein...
This run will generate roughly 3 Mb of data
                      :-) GROMACS - gmx grompp, 2018.3 (-:

                            GROMACS is written by:
     Emile Apol      Rossen Apostolov      Paul Bauer     Herman J.C. Berendsen
    Par Bjelkmar    Aldert van Buuren   Rudi van Drunen     Anton Feenstra  
  Gerrit Groenhof    Aleksei Iupinov   Christoph Junghans   Anca Hamuraru   
 Vincent Hindriksen Dimitrios Karkoulis    Peter Kasson        Jiri Kraus    
  Carsten Kutzner      Per Larsson      Justin A. Lemkul    Viveca Lindahl  
  Magnus Lundborg   Pieter Meulenhoff    Erik Marklund      Teemu Murtola   
    Szilard Pall       Sander Pronk      Roland Schulz     Alexey Shvetsov  
   Michael Shirts     Alfons Sijbers     Peter Tieleman    Teemu Virolainen 
 Christian Wennberg    Maarten Wolf   
                           and the project leaders:
        Mark Abraham, Berk Hess, Erik Lindahl, and David van der Spoel

Copyright (c) 1991-2000, University of Groningen, The Netherlands.
Copyright (c) 2001-2017, The GROMACS development team at
Uppsala University, Stockholm University and
the Royal Institute of Technology, Sweden.
check out http://www.gromacs.org for more information.

GROMACS is free software; you can redistribute it and/or modify it
under the terms of the GNU Lesser General Public License
as published by the Free Software Foundation; either version 2.1
of the License, or (at your option) any later version.

GROMACS:      gmx grompp, version 2018.3
Executable:   /share/apps/gromacs/2018.3/openmpi/intel/bin/gmx_mpi
Data prefix:  /share/apps/gromacs/2018.3/openmpi/intel
Working dir:  /scratch/work/courses/CHEM-GA-2671-2022fa/yw5806/comp-lab-class/Week5/Inputs/ParallelTemp
Command line:
  gmx_mpi grompp -f T350/adp_T350.mdp -c ../adp.gro -p ../adp.top -o T350/adp.tpr

Replacing old mdp entry 'nstxtcout' by 'nstxout-compressed'
Replacing old mdp entry 'xtc-grps' by 'compressed-x-grps'
Replacing old mdp entry 'xtc-precision' by 'compressed-x-precision'

NOTE 1 [file T350/adp_T350.mdp]:
  The group cutoff scheme is deprecated since GROMACS 5.0 and will be
  removed in a future release when all interaction forms are supported for
  the verlet scheme. The verlet scheme already scales better, and it is
  compatible with GPUs and other accelerators.

Setting the LD random seed to 1817371183
Generated 2211 of the 2211 non-bonded parameter combinations
Generating 1-4 interactions: fudge = 0.5
Generated 2211 of the 2211 1-4 parameter combinations
Excluding 3 bonded neighbours molecule type 'Protein_chain_X'
Velocities were taken from a Maxwell distribution at 350 K
Number of degrees of freedom in T-Coupling group System is 39.00

There was 1 note

GROMACS reminds you: "No One Could Foresee the End That Came So Fast" (Slayer)

turning all bonds into constraints...
Analysing residue names:
There are:     3    Protein residues
Analysing Protein...
This run will generate roughly 3 Mb of data
                      :-) GROMACS - gmx grompp, 2018.3 (-:

                            GROMACS is written by:
     Emile Apol      Rossen Apostolov      Paul Bauer     Herman J.C. Berendsen
    Par Bjelkmar    Aldert van Buuren   Rudi van Drunen     Anton Feenstra  
  Gerrit Groenhof    Aleksei Iupinov   Christoph Junghans   Anca Hamuraru   
 Vincent Hindriksen Dimitrios Karkoulis    Peter Kasson        Jiri Kraus    
  Carsten Kutzner      Per Larsson      Justin A. Lemkul    Viveca Lindahl  
  Magnus Lundborg   Pieter Meulenhoff    Erik Marklund      Teemu Murtola   
    Szilard Pall       Sander Pronk      Roland Schulz     Alexey Shvetsov  
   Michael Shirts     Alfons Sijbers     Peter Tieleman    Teemu Virolainen 
 Christian Wennberg    Maarten Wolf   
                           and the project leaders:
        Mark Abraham, Berk Hess, Erik Lindahl, and David van der Spoel

Copyright (c) 1991-2000, University of Groningen, The Netherlands.
Copyright (c) 2001-2017, The GROMACS development team at
Uppsala University, Stockholm University and
the Royal Institute of Technology, Sweden.
check out http://www.gromacs.org for more information.

GROMACS is free software; you can redistribute it and/or modify it
under the terms of the GNU Lesser General Public License
as published by the Free Software Foundation; either version 2.1
of the License, or (at your option) any later version.

GROMACS:      gmx grompp, version 2018.3
Executable:   /share/apps/gromacs/2018.3/openmpi/intel/bin/gmx_mpi
Data prefix:  /share/apps/gromacs/2018.3/openmpi/intel
Working dir:  /scratch/work/courses/CHEM-GA-2671-2022fa/yw5806/comp-lab-class/Week5/Inputs/ParallelTemp
Command line:
  gmx_mpi grompp -f T400/adp_T400.mdp -c ../adp.gro -p ../adp.top -o T400/adp.tpr

Replacing old mdp entry 'nstxtcout' by 'nstxout-compressed'
Replacing old mdp entry 'xtc-grps' by 'compressed-x-grps'
Replacing old mdp entry 'xtc-precision' by 'compressed-x-precision'

NOTE 1 [file T400/adp_T400.mdp]:
  The group cutoff scheme is deprecated since GROMACS 5.0 and will be
  removed in a future release when all interaction forms are supported for
  the verlet scheme. The verlet scheme already scales better, and it is
  compatible with GPUs and other accelerators.

Setting the LD random seed to -1355360664
Generated 2211 of the 2211 non-bonded parameter combinations
Generating 1-4 interactions: fudge = 0.5
Generated 2211 of the 2211 1-4 parameter combinations
Excluding 3 bonded neighbours molecule type 'Protein_chain_X'
Velocities were taken from a Maxwell distribution at 400 K
Number of degrees of freedom in T-Coupling group System is 39.00

There was 1 note

Back Off! I just backed up T400/adp.tpr to T400/#adp.tpr.1#

GROMACS reminds you: "Inventions have long since reached their limit, and I see no hope for further development." (Julius Sextus Frontinus, 1st century A.D.)

turning all bonds into constraints...
Analysing residue names:
There are:     3    Protein residues
Analysing Protein...
This run will generate roughly 3 Mb of data
                      :-) GROMACS - gmx grompp, 2018.3 (-:

                            GROMACS is written by:
     Emile Apol      Rossen Apostolov      Paul Bauer     Herman J.C. Berendsen
    Par Bjelkmar    Aldert van Buuren   Rudi van Drunen     Anton Feenstra  
  Gerrit Groenhof    Aleksei Iupinov   Christoph Junghans   Anca Hamuraru   
 Vincent Hindriksen Dimitrios Karkoulis    Peter Kasson        Jiri Kraus    
  Carsten Kutzner      Per Larsson      Justin A. Lemkul    Viveca Lindahl  
  Magnus Lundborg   Pieter Meulenhoff    Erik Marklund      Teemu Murtola   
    Szilard Pall       Sander Pronk      Roland Schulz     Alexey Shvetsov  
   Michael Shirts     Alfons Sijbers     Peter Tieleman    Teemu Virolainen 
 Christian Wennberg    Maarten Wolf   
                           and the project leaders:
        Mark Abraham, Berk Hess, Erik Lindahl, and David van der Spoel

Copyright (c) 1991-2000, University of Groningen, The Netherlands.
Copyright (c) 2001-2017, The GROMACS development team at
Uppsala University, Stockholm University and
the Royal Institute of Technology, Sweden.
check out http://www.gromacs.org for more information.

GROMACS is free software; you can redistribute it and/or modify it
under the terms of the GNU Lesser General Public License
as published by the Free Software Foundation; either version 2.1
of the License, or (at your option) any later version.

GROMACS:      gmx grompp, version 2018.3
Executable:   /share/apps/gromacs/2018.3/openmpi/intel/bin/gmx_mpi
Data prefix:  /share/apps/gromacs/2018.3/openmpi/intel
Working dir:  /scratch/work/courses/CHEM-GA-2671-2022fa/yw5806/comp-lab-class/Week5/Inputs/ParallelTemp
Command line:
  gmx_mpi grompp -f T450/adp_T450.mdp -c ../adp.gro -p ../adp.top -o T450/adp.tpr

Replacing old mdp entry 'nstxtcout' by 'nstxout-compressed'
Replacing old mdp entry 'xtc-grps' by 'compressed-x-grps'
Replacing old mdp entry 'xtc-precision' by 'compressed-x-precision'

NOTE 1 [file T450/adp_T450.mdp]:
  The group cutoff scheme is deprecated since GROMACS 5.0 and will be
  removed in a future release when all interaction forms are supported for
  the verlet scheme. The verlet scheme already scales better, and it is
  compatible with GPUs and other accelerators.

Setting the LD random seed to 67723467
Generated 2211 of the 2211 non-bonded parameter combinations
Generating 1-4 interactions: fudge = 0.5
Generated 2211 of the 2211 1-4 parameter combinations
Excluding 3 bonded neighbours molecule type 'Protein_chain_X'
Velocities were taken from a Maxwell distribution at 450 K
Number of degrees of freedom in T-Coupling group System is 39.00

There was 1 note

Back Off! I just backed up T450/adp.tpr to T450/#adp.tpr.1#

GROMACS reminds you: "And It Goes a Little Something Like This" (Tag Team)

turning all bonds into constraints...
Analysing residue names:
There are:     3    Protein residues
Analysing Protein...
This run will generate roughly 3 Mb of data
