/opt/slurm/data/slurmd/job25976772/slurm_script: line 9: cd: /scratch/work/courses/CHEM-GA-2671-2022fa/yw5806/comp-lab-class/Inputs/ParallelTemp: No such file or directory
                      :-) GROMACS - gmx grompp, 2018.3 (-:

                            GROMACS is written by:
     Emile Apol      Rossen Apostolov      Paul Bauer     Herman J.C. Berendsen
    Par Bjelkmar    Aldert van Buuren   Rudi van Drunen     Anton Feenstra  
  Gerrit Groenhof    Aleksei Iupinov   Christoph Junghans   Anca Hamuraru   
 Vincent Hindriksen Dimitrios Karkoulis    Peter Kasson        Jiri Kraus    
  Carsten Kutzner      Per Larsson      Justin A. Lemkul    Viveca Lindahl  
  Magnus Lundborg   Pieter Meulenhoff    Erik Marklund      Teemu Murtola   
    Szilard Pall       Sander Pronk      Roland Schulz     Alexey Shvetsov  
   Michael Shirts     Alfons Sijbers     Peter Tieleman    Teemu Virolainen 
 Christian Wennberg    Maarten Wolf   
                           and the project leaders:
        Mark Abraham, Berk Hess, Erik Lindahl, and David van der Spoel

Copyright (c) 1991-2000, University of Groningen, The Netherlands.
Copyright (c) 2001-2017, The GROMACS development team at
Uppsala University, Stockholm University and
the Royal Institute of Technology, Sweden.
check out http://www.gromacs.org for more information.

GROMACS is free software; you can redistribute it and/or modify it
under the terms of the GNU Lesser General Public License
as published by the Free Software Foundation; either version 2.1
of the License, or (at your option) any later version.

GROMACS:      gmx grompp, version 2018.3
Executable:   /share/apps/gromacs/2018.3/openmpi/intel/bin/gmx_mpi
Data prefix:  /share/apps/gromacs/2018.3/openmpi/intel
Working dir:  /scratch/work/courses/CHEM-GA-2671-2022fa/yw5806/comp-lab-class/Week5/Inputs/ParallelTemp2nd
Command line:
  gmx_mpi grompp -f T300/adp_T300.mdp -c ../adp.gro -p ../adp.top -o T300/adp.tpr

Replacing old mdp entry 'nstxtcout' by 'nstxout-compressed'
Replacing old mdp entry 'xtc-grps' by 'compressed-x-grps'
Replacing old mdp entry 'xtc-precision' by 'compressed-x-precision'

NOTE 1 [file T300/adp_T300.mdp]:
  The group cutoff scheme is deprecated since GROMACS 5.0 and will be
  removed in a future release when all interaction forms are supported for
  the verlet scheme. The verlet scheme already scales better, and it is
  compatible with GPUs and other accelerators.

Setting the LD random seed to -1738273304
Generated 2211 of the 2211 non-bonded parameter combinations
Generating 1-4 interactions: fudge = 0.5
Generated 2211 of the 2211 1-4 parameter combinations
Excluding 3 bonded neighbours molecule type 'Protein_chain_X'
Velocities were taken from a Maxwell distribution at 300 K
Number of degrees of freedom in T-Coupling group System is 39.00

There was 1 note

GROMACS reminds you: "Ubiquitin's just a rock" (Berk Hess)

turning all bonds into constraints...
Analysing residue names:
There are:     3    Protein residues
Analysing Protein...
This run will generate roughly 3 Mb of data
                      :-) GROMACS - gmx grompp, 2018.3 (-:

                            GROMACS is written by:
     Emile Apol      Rossen Apostolov      Paul Bauer     Herman J.C. Berendsen
    Par Bjelkmar    Aldert van Buuren   Rudi van Drunen     Anton Feenstra  
  Gerrit Groenhof    Aleksei Iupinov   Christoph Junghans   Anca Hamuraru   
 Vincent Hindriksen Dimitrios Karkoulis    Peter Kasson        Jiri Kraus    
  Carsten Kutzner      Per Larsson      Justin A. Lemkul    Viveca Lindahl  
  Magnus Lundborg   Pieter Meulenhoff    Erik Marklund      Teemu Murtola   
    Szilard Pall       Sander Pronk      Roland Schulz     Alexey Shvetsov  
   Michael Shirts     Alfons Sijbers     Peter Tieleman    Teemu Virolainen 
 Christian Wennberg    Maarten Wolf   
                           and the project leaders:
        Mark Abraham, Berk Hess, Erik Lindahl, and David van der Spoel

Copyright (c) 1991-2000, University of Groningen, The Netherlands.
Copyright (c) 2001-2017, The GROMACS development team at
Uppsala University, Stockholm University and
the Royal Institute of Technology, Sweden.
check out http://www.gromacs.org for more information.

GROMACS is free software; you can redistribute it and/or modify it
under the terms of the GNU Lesser General Public License
as published by the Free Software Foundation; either version 2.1
of the License, or (at your option) any later version.

GROMACS:      gmx grompp, version 2018.3
Executable:   /share/apps/gromacs/2018.3/openmpi/intel/bin/gmx_mpi
Data prefix:  /share/apps/gromacs/2018.3/openmpi/intel
Working dir:  /scratch/work/courses/CHEM-GA-2671-2022fa/yw5806/comp-lab-class/Week5/Inputs/ParallelTemp2nd
Command line:
  gmx_mpi grompp -f T400/adp_T400.mdp -c ../adp.gro -p ../adp.top -o T400/adp.tpr

Replacing old mdp entry 'nstxtcout' by 'nstxout-compressed'
Replacing old mdp entry 'xtc-grps' by 'compressed-x-grps'
Replacing old mdp entry 'xtc-precision' by 'compressed-x-precision'

NOTE 1 [file T400/adp_T400.mdp]:
  The group cutoff scheme is deprecated since GROMACS 5.0 and will be
  removed in a future release when all interaction forms are supported for
  the verlet scheme. The verlet scheme already scales better, and it is
  compatible with GPUs and other accelerators.

Setting the LD random seed to -2020410601
Generated 2211 of the 2211 non-bonded parameter combinations
Generating 1-4 interactions: fudge = 0.5
Generated 2211 of the 2211 1-4 parameter combinations
Excluding 3 bonded neighbours molecule type 'Protein_chain_X'
Velocities were taken from a Maxwell distribution at 400 K
Number of degrees of freedom in T-Coupling group System is 39.00

There was 1 note

GROMACS reminds you: "Sisters Have Always Fascinated Me" (Speech)

turning all bonds into constraints...
Analysing residue names:
There are:     3    Protein residues
Analysing Protein...
This run will generate roughly 3 Mb of data
                      :-) GROMACS - gmx grompp, 2018.3 (-:

                            GROMACS is written by:
     Emile Apol      Rossen Apostolov      Paul Bauer     Herman J.C. Berendsen
    Par Bjelkmar    Aldert van Buuren   Rudi van Drunen     Anton Feenstra  
  Gerrit Groenhof    Aleksei Iupinov   Christoph Junghans   Anca Hamuraru   
 Vincent Hindriksen Dimitrios Karkoulis    Peter Kasson        Jiri Kraus    
  Carsten Kutzner      Per Larsson      Justin A. Lemkul    Viveca Lindahl  
  Magnus Lundborg   Pieter Meulenhoff    Erik Marklund      Teemu Murtola   
    Szilard Pall       Sander Pronk      Roland Schulz     Alexey Shvetsov  
   Michael Shirts     Alfons Sijbers     Peter Tieleman    Teemu Virolainen 
 Christian Wennberg    Maarten Wolf   
                           and the project leaders:
        Mark Abraham, Berk Hess, Erik Lindahl, and David van der Spoel

Copyright (c) 1991-2000, University of Groningen, The Netherlands.
Copyright (c) 2001-2017, The GROMACS development team at
Uppsala University, Stockholm University and
the Royal Institute of Technology, Sweden.
check out http://www.gromacs.org for more information.

GROMACS is free software; you can redistribute it and/or modify it
under the terms of the GNU Lesser General Public License
as published by the Free Software Foundation; either version 2.1
of the License, or (at your option) any later version.

GROMACS:      gmx grompp, version 2018.3
Executable:   /share/apps/gromacs/2018.3/openmpi/intel/bin/gmx_mpi
Data prefix:  /share/apps/gromacs/2018.3/openmpi/intel
Working dir:  /scratch/work/courses/CHEM-GA-2671-2022fa/yw5806/comp-lab-class/Week5/Inputs/ParallelTemp2nd
Command line:
  gmx_mpi grompp -f T500/adp_T500.mdp -c ../adp.gro -p ../adp.top -o T500/adp.tpr

Replacing old mdp entry 'nstxtcout' by 'nstxout-compressed'
Replacing old mdp entry 'xtc-grps' by 'compressed-x-grps'
Replacing old mdp entry 'xtc-precision' by 'compressed-x-precision'

NOTE 1 [file T500/adp_T500.mdp]:
  The group cutoff scheme is deprecated since GROMACS 5.0 and will be
  removed in a future release when all interaction forms are supported for
  the verlet scheme. The verlet scheme already scales better, and it is
  compatible with GPUs and other accelerators.

Setting the LD random seed to -569597419
Generated 2211 of the 2211 non-bonded parameter combinations
Generating 1-4 interactions: fudge = 0.5
Generated 2211 of the 2211 1-4 parameter combinations
Excluding 3 bonded neighbours molecule type 'Protein_chain_X'
Velocities were taken from a Maxwell distribution at 500 K
Number of degrees of freedom in T-Coupling group System is 39.00

There was 1 note

GROMACS reminds you: "I have not failed. I've just found 10,000 ways that won't work" (Thomas Alva Edison)

turning all bonds into constraints...
Analysing residue names:
There are:     3    Protein residues
Analysing Protein...
This run will generate roughly 3 Mb of data
                      :-) GROMACS - gmx grompp, 2018.3 (-:

                            GROMACS is written by:
     Emile Apol      Rossen Apostolov      Paul Bauer     Herman J.C. Berendsen
    Par Bjelkmar    Aldert van Buuren   Rudi van Drunen     Anton Feenstra  
  Gerrit Groenhof    Aleksei Iupinov   Christoph Junghans   Anca Hamuraru   
 Vincent Hindriksen Dimitrios Karkoulis    Peter Kasson        Jiri Kraus    
  Carsten Kutzner      Per Larsson      Justin A. Lemkul    Viveca Lindahl  
  Magnus Lundborg   Pieter Meulenhoff    Erik Marklund      Teemu Murtola   
    Szilard Pall       Sander Pronk      Roland Schulz     Alexey Shvetsov  
   Michael Shirts     Alfons Sijbers     Peter Tieleman    Teemu Virolainen 
 Christian Wennberg    Maarten Wolf   
                           and the project leaders:
        Mark Abraham, Berk Hess, Erik Lindahl, and David van der Spoel

Copyright (c) 1991-2000, University of Groningen, The Netherlands.
Copyright (c) 2001-2017, The GROMACS development team at
Uppsala University, Stockholm University and
the Royal Institute of Technology, Sweden.
check out http://www.gromacs.org for more information.

GROMACS is free software; you can redistribute it and/or modify it
under the terms of the GNU Lesser General Public License
as published by the Free Software Foundation; either version 2.1
of the License, or (at your option) any later version.

GROMACS:      gmx grompp, version 2018.3
Executable:   /share/apps/gromacs/2018.3/openmpi/intel/bin/gmx_mpi
Data prefix:  /share/apps/gromacs/2018.3/openmpi/intel
Working dir:  /scratch/work/courses/CHEM-GA-2671-2022fa/yw5806/comp-lab-class/Week5/Inputs/ParallelTemp2nd
Command line:
  gmx_mpi grompp -f T600/adp_T600.mdp -c ../adp.gro -p ../adp.top -o T600/adp.tpr

Replacing old mdp entry 'nstxtcout' by 'nstxout-compressed'
Replacing old mdp entry 'xtc-grps' by 'compressed-x-grps'
Replacing old mdp entry 'xtc-precision' by 'compressed-x-precision'

NOTE 1 [file T600/adp_T600.mdp]:
  The group cutoff scheme is deprecated since GROMACS 5.0 and will be
  removed in a future release when all interaction forms are supported for
  the verlet scheme. The verlet scheme already scales better, and it is
  compatible with GPUs and other accelerators.

Setting the LD random seed to -1817957539
Generated 2211 of the 2211 non-bonded parameter combinations
Generating 1-4 interactions: fudge = 0.5
Generated 2211 of the 2211 1-4 parameter combinations
Excluding 3 bonded neighbours molecule type 'Protein_chain_X'
Velocities were taken from a Maxwell distribution at 600 K
Number of degrees of freedom in T-Coupling group System is 39.00

There was 1 note

GROMACS reminds you: "Therefore, things must be learned only to be unlearned again or, more likely, to be corrected." (Richard Feynman)

turning all bonds into constraints...
Analysing residue names:
There are:     3    Protein residues
Analysing Protein...
This run will generate roughly 3 Mb of data
