                      :-) GROMACS - gmx grompp, 2020.4 (-:

                            GROMACS is written by:
     Emile Apol      Rossen Apostolov      Paul Bauer     Herman J.C. Berendsen
    Par Bjelkmar      Christian Blau   Viacheslav Bolnykh     Kevin Boyd    
 Aldert van Buuren   Rudi van Drunen     Anton Feenstra       Alan Gray     
  Gerrit Groenhof     Anca Hamuraru    Vincent Hindriksen  M. Eric Irrgang  
  Aleksei Iupinov   Christoph Junghans     Joe Jordan     Dimitrios Karkoulis
    Peter Kasson        Jiri Kraus      Carsten Kutzner      Per Larsson    
  Justin A. Lemkul    Viveca Lindahl    Magnus Lundborg     Erik Marklund   
    Pascal Merz     Pieter Meulenhoff    Teemu Murtola       Szilard Pall   
    Sander Pronk      Roland Schulz      Michael Shirts    Alexey Shvetsov  
   Alfons Sijbers     Peter Tieleman      Jon Vincent      Teemu Virolainen 
 Christian Wennberg    Maarten Wolf      Artem Zhmurov   
                           and the project leaders:
        Mark Abraham, Berk Hess, Erik Lindahl, and David van der Spoel

Copyright (c) 1991-2000, University of Groningen, The Netherlands.
Copyright (c) 2001-2019, The GROMACS development team at
Uppsala University, Stockholm University and
the Royal Institute of Technology, Sweden.
check out http://www.gromacs.org for more information.

GROMACS is free software; you can redistribute it and/or modify it
under the terms of the GNU Lesser General Public License
as published by the Free Software Foundation; either version 2.1
of the License, or (at your option) any later version.

GROMACS:      gmx grompp, version 2020.4
Executable:   /share/apps/gromacs/2020.4/openmpi/intel/bin/gmx_mpi
Data prefix:  /share/apps/gromacs/2020.4/openmpi/intel
Working dir:  /scratch/work/courses/CHEM-GA-2671-2022fa/yw5806/comp-lab-class/Week3/Data/MD50ns
Command line:
  gmx_mpi grompp -f md50ns.mdp -c npt.gro -t npt.cpt -p topol.top -o md_0_50.tpr

Ignoring obsolete mdp entry 'title'
Ignoring obsolete mdp entry 'ns_type'
Ignoring obsolete mdp entry 'title'
Ignoring obsolete mdp entry 'ns_type'
Ignoring obsolete mdp entry 'title'
Ignoring obsolete mdp entry 'ns_type'
Ignoring obsolete mdp entry 'title'
Ignoring obsolete mdp entry 'ns_type'
Ignoring obsolete mdp entry 'title'
Ignoring obsolete mdp entry 'ns_type'
Ignoring obsolete mdp entry 'title'
Ignoring obsolete mdp entry 'ns_type'
Ignoring obsolete mdp entry 'title'
Ignoring obsolete mdp entry 'ns_type'
Ignoring obsolete mdp entry 'title'
Ignoring obsolete mdp entry 'ns_type'
Setting the LD random seed to 577422291
Setting the LD random seed to 1952447458
Setting the LD random seed to -1483862530
Setting the LD random seed to -779092440
Setting the LD random seed to 170924910
Setting the LD random seed to -966926951
Setting the LD random seed to -1940400158
Setting the LD random seed to -247302033
Ignoring obsolete mdp entry 'title'
Ignoring obsolete mdp entry 'ns_type'
Setting the LD random seed to 914033365
Ignoring obsolete mdp entry 'title'
Ignoring obsolete mdp entry 'ns_type'
Setting the LD random seed to 279507359
Generated 330891 of the 330891 non-bonded parameter combinations
Generating 1-4 interactions: fudge = 0.5
Generated 330891 of the 330891 non-bonded parameter combinations
Generating 1-4 interactions: fudge = 0.5
Generated 330891 of the 330891 non-bonded parameter combinations
Generating 1-4 interactions: fudge = 0.5
Generated 330891 of the 330891 non-bonded parameter combinations
Generating 1-4 interactions: fudge = 0.5
Generated 330891 of the 330891 non-bonded parameter combinations
Generated 330891 of the 330891 non-bonded parameter combinations
Generating 1-4 interactions: fudge = 0.5
Generated 330891 of the 330891 non-bonded parameter combinations
Generating 1-4 interactions: fudge = 0.5
Generated 330891 of the 330891 non-bonded parameter combinations
Generating 1-4 interactions: fudge = 0.5
Generated 330891 of the 330891 non-bonded parameter combinations
Generating 1-4 interactions: fudge = 0.5
Generated 330891 of the 330891 non-bonded parameter combinations
Generating 1-4 interactions: fudge = 0.5
Generating 1-4 interactions: fudge = 0.5
Generated 330891 of the 330891 1-4 parameter combinations
Generated 330891 of the 330891 1-4 parameter combinations
Generated 330891 of the 330891 1-4 parameter combinations
Generated 330891 of the 330891 1-4 parameter combinations
Generated 330891 of the 330891 1-4 parameter combinations
Generated 330891 of the 330891 1-4 parameter combinations
Generated 330891 of the 330891 1-4 parameter combinations
Generated 330891 of the 330891 1-4 parameter combinations
Generated 330891 of the 330891 1-4 parameter combinations
Generated 330891 of the 330891 1-4 parameter combinations
Excluding 3 bonded neighbours molecule type 'Protein_chain_A'
Excluding 3 bonded neighbours molecule type 'Protein_chain_A'
Excluding 3 bonded neighbours molecule type 'Protein_chain_A'
Excluding 2 bonded neighbours molecule type 'SOL'
Excluding 1 bonded neighbours molecule type 'CL'
Excluding 2 bonded neighbours molecule type 'SOL'
Excluding 1 bonded neighbours molecule type 'CL'
Excluding 3 bonded neighbours molecule type 'Protein_chain_A'
Excluding 3 bonded neighbours molecule type 'Protein_chain_A'
Excluding 3 bonded neighbours molecule type 'Protein_chain_A'
Excluding 3 bonded neighbours molecule type 'Protein_chain_A'
Excluding 3 bonded neighbours molecule type 'Protein_chain_A'
Excluding 3 bonded neighbours molecule type 'Protein_chain_A'
Excluding 2 bonded neighbours molecule type 'SOL'
Excluding 1 bonded neighbours molecule type 'CL'
Excluding 2 bonded neighbours molecule type 'SOL'
Excluding 1 bonded neighbours molecule type 'CL'
Excluding 2 bonded neighbours molecule type 'SOL'
Excluding 1 bonded neighbours molecule type 'CL'
Excluding 2 bonded neighbours molecule type 'SOL'
Excluding 1 bonded neighbours molecule type 'CL'
Excluding 2 bonded neighbours molecule type 'SOL'
Excluding 1 bonded neighbours molecule type 'CL'
Excluding 2 bonded neighbours molecule type 'SOL'
Excluding 1 bonded neighbours molecule type 'CL'
Excluding 2 bonded neighbours molecule type 'SOL'
Excluding 1 bonded neighbours molecule type 'CL'
Excluding 3 bonded neighbours molecule type 'Protein_chain_A'
Excluding 2 bonded neighbours molecule type 'SOL'
Excluding 1 bonded neighbours molecule type 'CL'
Number of degrees of freedom in T-Coupling group Protein is 4920.79
Number of degrees of freedom in T-Coupling group non-Protein is 63837.21
Number of degrees of freedom in T-Coupling group Protein is 4920.79
Number of degrees of freedom in T-Coupling group non-Protein is 63837.21
Reading Coordinates, Velocities and Box size from old trajectory
Will read whole trajectory
Reading Coordinates, Velocities and Box size from old trajectory
Will read whole trajectory
Number of degrees of freedom in T-Coupling group Protein is 4920.79
Number of degrees of freedom in T-Coupling group non-Protein is 63837.21
Number of degrees of freedom in T-Coupling group Protein is 4920.79
Number of degrees of freedom in T-Coupling group non-Protein is 63837.21
Number of degrees of freedom in T-Coupling group Protein is 4920.79
Number of degrees of freedom in T-Coupling group non-Protein is 63837.21
Reading Coordinates, Velocities and Box size from old trajectory
Will read whole trajectory
Reading Coordinates, Velocities and Box size from old trajectory
Will read whole trajectory
Reading Coordinates, Velocities and Box size from old trajectory
Will read whole trajectory
Number of degrees of freedom in T-Coupling group Protein is 4920.79
Number of degrees of freedom in T-Coupling group non-Protein is 63837.21
Reading Coordinates, Velocities and Box size from old trajectory
Will read whole trajectory
Number of degrees of freedom in T-Coupling group Protein is 4920.79
Number of degrees of freedom in T-Coupling group non-Protein is 63837.21
Number of degrees of freedom in T-Coupling group Protein is 4920.79
Number of degrees of freedom in T-Coupling group non-Protein is 63837.21
Number of degrees of freedom in T-Coupling group Protein is 4920.79
Number of degrees of freedom in T-Coupling group non-Protein is 63837.21
Reading Coordinates, Velocities and Box size from old trajectory
Will read whole trajectory
Reading Coordinates, Velocities and Box size from old trajectory
Will read whole trajectory
Reading Coordinates, Velocities and Box size from old trajectory
Will read whole trajectory
Last frame         -1 time  100.000   
Last frame         -1 time  100.000   
Last frame         -1 time  100.000   
Last frame         -1 time  100.000   
Last frame         -1 time  100.000   
Last frame         -1 time  100.000   
Last frame         -1 time  100.000   
Number of degrees of freedom in T-Coupling group Protein is 4920.79
Number of degrees of freedom in T-Coupling group non-Protein is 63837.21
Using frame at t = 100 ps
Starting time for run is 0 ps
Using frame at t = 100 ps
Starting time for run is 0 ps
Estimate for the relative computational load of the PME mesh part: 0.27
Using frame at t = 100 ps
Starting time for run is 0 ps
Estimate for the relative computational load of the PME mesh part: 0.27
Estimate for the relative computational load of the PME mesh part: 0.27
Using frame at t = 100 ps
Starting time for run is 0 ps
Using frame at t = 100 ps
Starting time for run is 0 ps
Using frame at t = 100 ps
Starting time for run is 0 ps
Estimate for the relative computational load of the PME mesh part: 0.27
Estimate for the relative computational load of the PME mesh part: 0.27
Last frame         -1 time  100.000   
Estimate for the relative computational load of the PME mesh part: 0.27
Using frame at t = 100 ps
Starting time for run is 0 ps
Estimate for the relative computational load of the PME mesh part: 0.27
Using frame at t = 100 ps
Starting time for run is 0 ps
Estimate for the relative computational load of the PME mesh part: 0.27
Reading Coordinates, Velocities and Box size from old trajectory
Will read whole trajectory
Last frame         -1 time  100.000   
Using frame at t = 100 ps
Starting time for run is 0 ps
Estimate for the relative computational load of the PME mesh part: 0.27

Back Off! I just backed up md_0_50.tpr to ./#md_0_50.tpr.1#
Last frame         -1 time  100.000   
Using frame at t = 100 ps
Starting time for run is 0 ps
Estimate for the relative computational load of the PME mesh part: 0.27

Back Off! I just backed up md_0_50.tpr to ./#md_0_50.tpr.2#

Back Off! I just backed up md_0_50.tpr to ./#md_0_50.tpr.3#

Back Off! I just backed up md_0_50.tpr to ./#md_0_50.tpr.4#

GROMACS reminds you: "'Nay. We are but men.' Rock!" (Tenacious D)

turning H bonds into constraints...
turning H bonds into constraints...
turning H bonds into constraints...
Analysing residue names:
There are:   129    Protein residues
There are: 10636      Water residues
There are:     8        Ion residues
Analysing Protein...
Analysing residues not classified as Protein/DNA/RNA/Water and splitting into groups...
Determining Verlet buffer for a tolerance of 0.005 kJ/mol/ps at 300 K
Calculated rlist for 1x1 atom pair-list as 1.035 nm, buffer size 0.035 nm
Set rlist, assuming 4x4 atom pair-list, to 1.000 nm, buffer size 0.000 nm
Note that mdrun will redetermine rlist based on the actual pair-list setup
Calculating fourier grid dimensions for X Y Z
Using a fourier grid of 44x44x44, spacing 0.158 0.158 0.158
This run will generate roughly 830 Mb of data
turning H bonds into constraints...
turning H bonds into constraints...
turning H bonds into constraints...
Analysing residue names:
There are:   129    Protein residues
There are: 10636      Water residues
There are:     8        Ion residues
Analysing Protein...
Analysing residues not classified as Protein/DNA/RNA/Water and splitting into groups...
Determining Verlet buffer for a tolerance of 0.005 kJ/mol/ps at 300 K
Calculated rlist for 1x1 atom pair-list as 1.035 nm, buffer size 0.035 nm
Set rlist, assuming 4x4 atom pair-list, to 1.000 nm, buffer size 0.000 nm
Note that mdrun will redetermine rlist based on the actual pair-list setup
Calculating fourier grid dimensions for X Y Z
Using a fourier grid of 44x44x44, spacing 0.158 0.158 0.158
This run will generate roughly 830 Mb of data
turning H bonds into constraints...
turning H bonds into constraints...
turning H bonds into constraints...
Analysing residue names:
There are:   129    Protein residues
There are: 10636      Water residues
There are:     8        Ion residues
Analysing Protein...
Analysing residues not classified as Protein/DNA/RNA/Water and splitting into groups...
Determining Verlet buffer for a tolerance of 0.005 kJ/mol/ps at 300 K
Calculated rlist for 1x1 atom pair-list as 1.035 nm, buffer size 0.035 nm
Set rlist, assuming 4x4 atom pair-list, to 1.000 nm, buffer size 0.000 nm
Note that mdrun will redetermine rlist based on the actual pair-list setup
Calculating fourier grid dimensions for X Y Z
Using a fourier grid of 44x44x44, spacing 0.158 0.158 0.158
This run will generate roughly 830 Mb of data
turning H bonds into constraints...
turning H bonds into constraints...
turning H bonds into constraints...
Analysing residue names:
There are:   129    Protein residues
There are: 10636      Water residues
There are:     8        Ion residues
Analysing Protein...
Analysing residues not classified as Protein/DNA/RNA/Water and splitting into groups...
Determining Verlet buffer for a tolerance of 0.005 kJ/mol/ps at 300 K
Calculated rlist for 1x1 atom pair-list as 1.035 nm, buffer size 0.035 nm
Set rlist, assuming 4x4 atom pair-list, to 1.000 nm, buffer size 0.000 nm
Note that mdrun will redetermine rlist based on the actual pair-list setup
Calculating fourier grid dimensions for X Y Z
Using a fourier grid of 44x44x44, spacing 0.158 0.158 0.158
This run will generate roughly 830 Mb of data
turning H bonds into constraints...
turning H bonds into constraints...
turning H bonds into constraints...
Analysing residue names:
There are:   129    Protein residues
There are: 10636      Water residues
There are:     8        Ion residues
Analysing Protein...
Analysing residues not classified as Protein/DNA/RNA/Water and splitting into groups...
Determining Verlet buffer for a tolerance of 0.005 kJ/mol/ps at 300 K
Calculated rlist for 1x1 atom pair-list as 1.035 nm, buffer size 0.035 nm
Set rlist, assuming 4x4 atom pair-list, to 1.000 nm, buffer size 0.000 nm
Note that mdrun will redetermine rlist based on the actual pair-list setup
Calculating fourier grid dimensions for X Y Z
Using a fourier grid of 44x44x44, spacing 0.158 0.158 0.158
This run will generate roughly 830 Mb of data
turning H bonds into constraints...
turning H bonds into constraints...
turning H bonds into constraints...
Analysing residue names:
There are:   129    Protein residues
There are: 10636      Water residues
There are:     8        Ion residues
Analysing Protein...
Analysing residues not classified as Protein/DNA/RNA/Water and splitting into groups...
Determining Verlet buffer for a tolerance of 0.005 kJ/mol/ps at 300 K
Calculated rlist for 1x1 atom pair-list as 1.035 nm, buffer size 0.035 nm
Set rlist, assuming 4x4 atom pair-list, to 1.000 nm, buffer size 0.000 nm
Note that mdrun will redetermine rlist based on the actual pair-list setup
Calculating fourier grid dimensions for X Y Z
Using a fourier grid of 44x44x44, spacing 0.158 0.158 0.158
This run will generate roughly 830 Mb of data
turning H bonds into constraints...
turning H bonds into constraints...
turning H bonds into constraints...
Analysing residue names:
There are:   129    Protein residues
There are: 10636      Water residues
There are:     8        Ion residues
Analysing Protein...
Analysing residues not classified as Protein/DNA/RNA/Water and splitting into groups...
Determining Verlet buffer for a tolerance of 0.005 kJ/mol/ps at 300 K
Calculated rlist for 1x1 atom pair-list as 1.035 nm, buffer size 0.035 nm
Set rlist, assuming 4x4 atom pair-list, to 1.000 nm, buffer size 0.000 nm
Note that mdrun will redetermine rlist based on the actual pair-list setup
Calculating fourier grid dimensions for X Y Z
Using a fourier grid of 44x44x44, spacing 0.158 0.158 0.158
This run will generate roughly 830 Mb of data
turning H bonds into constraints...
turning H bonds into constraints...
turning H bonds into constraints...
Analysing residue names:
There are:   129    Protein residues
There are: 10636      Water residues
There are:     8        Ion residues
Analysing Protein...
Analysing residues not classified as Protein/DNA/RNA/Water and splitting into groups...
Determining Verlet buffer for a tolerance of 0.005 kJ/mol/ps at 300 K
Calculated rlist for 1x1 atom pair-list as 1.035 nm, buffer size 0.035 nm
Set rlist, assuming 4x4 atom pair-list, to 1.000 nm, buffer size 0.000 nm
Note that mdrun will redetermine rlist based on the actual pair-list setup
Calculating fourier grid dimensions for X Y Z
Using a fourier grid of 44x44x44, spacing 0.158 0.158 0.158
This run will generate roughly 830 Mb of data
turning H bonds into constraints...
turning H bonds into constraints...
turning H bonds into constraints...
Analysing residue names:
There are:   129    Protein residues
There are: 10636      Water residues
There are:     8        Ion residues
Analysing Protein...
Analysing residues not classified as Protein/DNA/RNA/Water and splitting into groups...
Determining Verlet buffer for a tolerance of 0.005 kJ/mol/ps at 300 K
Calculated rlist for 1x1 atom pair-list as 1.035 nm, buffer size 0.035 nm
Set rlist, assuming 4x4 atom pair-list, to 1.000 nm, buffer size 0.000 nm
Note that mdrun will redetermine rlist based on the actual pair-list setup
Calculating fourier grid dimensions for X Y Z
Using a fourier grid of 44x44x44, spacing 0.158 0.158 0.158
This run will generate roughly 830 Mb of data
turning H bonds into constraints...
turning H bonds into constraints...
turning H bonds into constraints...
Analysing residue names:
There are:   129    Protein residues
There are: 10636      Water residues
There are:     8        Ion residues
Analysing Protein...
Analysing residues not classified as Protein/DNA/RNA/Water and splitting into groups...
Determining Verlet buffer for a tolerance of 0.005 kJ/mol/ps at 300 K
Calculated rlist for 1x1 atom pair-list as 1.035 nm, buffer size 0.035 nm
Set rlist, assuming 4x4 atom pair-list, to 1.000 nm, buffer size 0.000 nm
Note that mdrun will redetermine rlist based on the actual pair-list setup
Calculating fourier grid dimensions for X Y Z
Using a fourier grid of 44x44x44, spacing 0.158 0.158 0.158
This run will generate roughly 830 Mb of data
                      :-) GROMACS - gmx mdrun, 2020.4 (-:

                            GROMACS is written by:
     Emile Apol      Rossen Apostolov      Paul Bauer     Herman J.C. Berendsen
    Par Bjelkmar      Christian Blau   Viacheslav Bolnykh     Kevin Boyd    
 Aldert van Buuren   Rudi van Drunen     Anton Feenstra       Alan Gray     
  Gerrit Groenhof     Anca Hamuraru    Vincent Hindriksen  M. Eric Irrgang  
  Aleksei Iupinov   Christoph Junghans     Joe Jordan     Dimitrios Karkoulis
    Peter Kasson        Jiri Kraus      Carsten Kutzner      Per Larsson    
  Justin A. Lemkul    Viveca Lindahl    Magnus Lundborg     Erik Marklund   
    Pascal Merz     Pieter Meulenhoff    Teemu Murtola       Szilard Pall   
    Sander Pronk      Roland Schulz      Michael Shirts    Alexey Shvetsov  
   Alfons Sijbers     Peter Tieleman      Jon Vincent      Teemu Virolainen 
 Christian Wennberg    Maarten Wolf      Artem Zhmurov   
                           and the project leaders:
        Mark Abraham, Berk Hess, Erik Lindahl, and David van der Spoel

Copyright (c) 1991-2000, University of Groningen, The Netherlands.
Copyright (c) 2001-2019, The GROMACS development team at
Uppsala University, Stockholm University and
the Royal Institute of Technology, Sweden.
check out http://www.gromacs.org for more information.

GROMACS is free software; you can redistribute it and/or modify it
under the terms of the GNU Lesser General Public License
as published by the Free Software Foundation; either version 2.1
of the License, or (at your option) any later version.

GROMACS:      gmx mdrun, version 2020.4
Executable:   /share/apps/gromacs/2020.4/openmpi/intel/bin/gmx_mpi
Data prefix:  /share/apps/gromacs/2020.4/openmpi/intel
Working dir:  /scratch/work/courses/CHEM-GA-2671-2022fa/yw5806/comp-lab-class/Week3/Data/MD50ns
Command line:
  gmx_mpi mdrun -v -deffnm md_0_50

Reading file md_0_50.tpr, VERSION 2020.4 (single precision)
Changing nstlist from 10 to 50, rlist from 1 to 1.116

Using 10 MPI processes

Non-default thread affinity set, disabling internal thread affinity
starting mdrun 'LYSOZYME in water'
25000000 steps,  50000.0 ps.

-------------------------------------------------------
Program:     gmx mdrun, version 2020.4
Source file: src/gromacs/ewald/pme_redistribute.cpp (line 305)
MPI rank:    2 (out of 10)

Fatal error:
42 particles communicated to PME rank 2 are more than 2/3 times the cut-off
out of the domain decomposition cell of their charge group in dimension x.
This usually means that your system is not well equilibrated.

For more information and tips for troubleshooting, please check the GROMACS
website at http://www.gromacs.org/Documentation/Errors
-------------------------------------------------------

-------------------------------------------------------
Program:     gmx mdrun, version 2020.4
Source file: src/gromacs/ewald/pme_redistribute.cpp (line 305)
MPI rank:    3 (out of 10)

Fatal error:
37 particles communicated to PME rank 3 are more than 2/3 times the cut-off
out of the domain decomposition cell of their charge group in dimension x.
This usually means that your system is not well equilibrated.

For more information and tips for troubleshooting, please check the GROMACS
website at http://www.gromacs.org/Documentation/Errors
-------------------------------------------------------

-------------------------------------------------------
Program:     gmx mdrun, version 2020.4
Source file: src/gromacs/ewald/pme_redistribute.cpp (line 305)
MPI rank:    6 (out of 10)

Fatal error:
36 particles communicated to PME rank 6 are more than 2/3 times the cut-off
out of the domain decomposition cell of their charge group in dimension x.
This usually means that your system is not well equilibrated.

For more information and tips for troubleshooting, please check the GROMACS
website at http://www.gromacs.org/Documentation/Errors
-------------------------------------------------------

-------------------------------------------------------
Program:     gmx mdrun, version 2020.4
Source file: src/gromacs/ewald/pme_redistribute.cpp (line 305)
MPI rank:    7 (out of 10)

Fatal error:
42 particles communicated to PME rank 7 are more than 2/3 times the cut-off
out of the domain decomposition cell of their charge group in dimension x.
This usually means that your system is not well equilibrated.

For more information and tips for troubleshooting, please check the GROMACS
website at http://www.gromacs.org/Documentation/Errors
-------------------------------------------------------
--------------------------------------------------------------------------
MPI_ABORT was invoked on rank 2 in communicator MPI_COMM_WORLD
with errorcode 1.

NOTE: invoking MPI_ABORT causes Open MPI to kill all MPI processes.
You may or may not see output from other processes, depending on
exactly when Open MPI kills them.
--------------------------------------------------------------------------
In: PMI_Abort(1, N/A)
--------------------------------------------------------------------------
MPI_ABORT was invoked on rank 3 in communicator MPI_COMM_WORLD
with errorcode 1.

NOTE: invoking MPI_ABORT causes Open MPI to kill all MPI processes.
You may or may not see output from other processes, depending on
exactly when Open MPI kills them.
--------------------------------------------------------------------------
In: PMI_Abort(1, N/A)
--------------------------------------------------------------------------
MPI_ABORT was invoked on rank 6 in communicator MPI_COMM_WORLD
with errorcode 1.

NOTE: invoking MPI_ABORT causes Open MPI to kill all MPI processes.
You may or may not see output from other processes, depending on
exactly when Open MPI kills them.
--------------------------------------------------------------------------
In: PMI_Abort(1, N/A)
--------------------------------------------------------------------------
MPI_ABORT was invoked on rank 7 in communicator MPI_COMM_WORLD
with errorcode 1.

NOTE: invoking MPI_ABORT causes Open MPI to kill all MPI processes.
You may or may not see output from other processes, depending on
exactly when Open MPI kills them.
--------------------------------------------------------------------------
In: PMI_Abort(1, N/A)
srun: Job step aborted: Waiting up to 32 seconds for job step to finish.
slurmstepd: error: *** STEP 25761516.1 ON cs010 CANCELLED AT 2022-10-09T15:53:12 ***
srun: error: cs010: tasks 0-1,3-5,7-9: Killed
srun: launch/slurm: _step_signal: Terminating StepId=25761516.1
srun: error: cs010: tasks 2,6: Exited with exit code 1
