Electrostatic potential parameters

Grid information (see 1_default_grid.dat in Angstrom)
    Number of grid points:            1089

Quantum electrostatic potential (see 1_default_grid_esp.dat)

Constraints
    Charge constraints
        Total charge of   0.07053627 on the set   2
        Total charge of   0.08505937 on the set   3
        Total charge of  -0.47140620 on the set   4
        Total charge of   0.12577500 on the set   5
        Total charge of  -0.10083329 on the set   6
        Total charge of   0.36409420 on the set   7
        Total charge of  -0.49600897 on the set   8
        Total charge of  -0.04595382 on the set   9
        Total charge of   0.36252497 on the set  10
        Total charge of  -0.52858785 on the set  11
        Total charge of   0.02500902 on the set  12
        Total charge of   0.17305151 on the set  18
    Equality constraints
        Equal charges on atoms
                                 15  16  17
                                 19  20  21
                                 22  23  24

Restraint
    Hyperbolic restraint to a charge of zero
    Hydrogen atoms are not restrained
    resp_a:                           0.0010
    resp_b:                           0.1000

Fit

Electrostatic Potential Charges
   Center  Symbol       ESP      RESP
      1    C      -0.23874181 -0.20126149
      2    N       0.07053627  0.07053627
      3    C       0.08505937  0.08505937
      4    N      -0.47140620 -0.47140620
      5    C       0.12577500  0.12577500
      6    C      -0.10083329 -0.10083329
      7    C       0.36409420  0.36409420
      8    O      -0.49600897 -0.49600897
      9    N      -0.04595382 -0.04595382
     10    C       0.36252497  0.36252497
     11    O      -0.52858785 -0.52858785
     12    N       0.02500902  0.02500902
     13    C       0.03219321  0.00605439
     14    C      -0.04517000 -0.03375563
     15    H       0.12211273  0.11036593
     16    H       0.12211273  0.11036593
     17    H       0.12211273  0.11036593
     18    H       0.17305151  0.17305151
     19    H       0.04252269  0.05004292
     20    H       0.04252269  0.05004292
     21    H       0.04252269  0.05004292
     22    H       0.06485072  0.06149200
     23    H       0.06485072  0.06149200
     24    H       0.06485072  0.06149200
Total Charge:     -0.00000000 -0.00000000
